<?xml version="1.0" encoding="UTF-8"?>
<!-- Generated by org.testng.reporters.JUnitReportReporter -->
<testsuite hostname="DESKTOP-I3BGM4H" failures="0" tests="2" name="Runner.TestNgRunner" time="29.667" errors="0" timestamp="2024-02-27T02:50:44 IST" skipped="0">
  <testcase classname="Runner.TestNgRunner" name="runScenario" time="14.834"/>
  <system-out/>
  <testcase classname="Runner.TestNgRunner" name="runScenario" time="14.833"/>
  <system-out/>
</testsuite> <!-- Runner.TestNgRunner -->
